<?xml version="1.0" encoding="UTF-8"?>
<coverage generated="1701692494176" clover="3.2.0">
  <project timestamp="1701692494177" name="All files">
    <metrics statements="22" coveredstatements="18" conditionals="0" coveredconditionals="0" methods="9" coveredmethods="9" elements="31" coveredelements="27" complexity="0" loc="22" ncloc="22" packages="1" files="1" classes="1"/>
    <file name="code.ts" path="C:\Users\Muhammad Ali\Desktop\SQE Project Back-End\code.ts">
      <metrics statements="22" coveredstatements="18" conditionals="0" coveredconditionals="0" methods="9" coveredmethods="9"/>
      <line num="2" count="1" type="stmt"/>
      <line num="3" count="1" type="stmt"/>
      <line num="4" count="1" type="stmt"/>
      <line num="5" count="1" type="stmt"/>
      <line num="9" count="1" type="stmt"/>
      <line num="10" count="23" type="stmt"/>
      <line num="14" count="1" type="stmt"/>
      <line num="15" count="22" type="stmt"/>
      <line num="19" count="1" type="stmt"/>
      <line num="20" count="1" type="stmt"/>
      <line num="24" count="1" type="stmt"/>
      <line num="25" count="1" type="stmt"/>
      <line num="29" count="1" type="stmt"/>
      <line num="30" count="1" type="stmt"/>
      <line num="34" count="1" type="stmt"/>
      <line num="35" count="1" type="stmt"/>
      <line num="39" count="1" type="stmt"/>
      <line num="40" count="1" type="stmt"/>
      <line num="41" count="0" type="stmt"/>
      <line num="42" count="0" type="stmt"/>
      <line num="43" count="0" type="stmt"/>
      <line num="45" count="0" type="stmt"/>
    </file>
  </project>
</coverage>
