{"C:\\Users\\Muhammad Ali\\Desktop\\SQE-Backend\\code.ts": {"path":"C:\\Users\\Muhammad Ali\\Desktop\\SQE-Backend\\code.ts","statementMap":{"0":{"start":{"line":4,"column":4},"end":{"line":6,"column":5}},"1":{"start":{"line":5,"column":6},"end":{"line":5,"column":22}},"2":{"start":{"line":8,"column":22},"end":{"line":8,"column":109}},"3":{"start":{"line":9,"column":4},"end":{"line":9,"column":29}},"4":{"start":{"line":11,"column":4},"end":{"line":11,"column":50}},"5":{"start":{"line":14,"column":2},"end":{"line":16,"column":3}},"6":{"start":{"line":15,"column":4},"end":{"line":15,"column":14}},"7":{"start":{"line":18,"column":2},"end":{"line":18,"column":35}},"8":{"start":{"line":2,"column":0},"end":{"line":2,"column":16}},"9":{"start":{"line":23,"column":15},"end":{"line":23,"column":17}},"10":{"start":{"line":24,"column":28},"end":{"line":24,"column":43}},"11":{"start":{"line":26,"column":2},"end":{"line":26,"column":78}},"12":{"start":{"line":22,"column":0},"end":{"line":22,"column":16}},"13":{"start":{"line":30,"column":0},"end":{"line":30,"column":15}}},"fnMap":{"0":{"name":"fibonacci","decl":{"start":{"line":2,"column":16},"end":{"line":2,"column":25}},"loc":{"start":{"line":2,"column":35},"end":{"line":19,"column":1}}},"1":{"name":"calculateFibonacci","decl":{"start":{"line":3,"column":11},"end":{"line":3,"column":29}},"loc":{"start":{"line":3,"column":62},"end":{"line":12,"column":3}}},"2":{"name":"exampleUsage","decl":{"start":{"line":22,"column":16},"end":{"line":22,"column":28}},"loc":{"start":{"line":22,"column":28},"end":{"line":27,"column":1}}}},"branchMap":{"0":{"loc":{"start":{"line":4,"column":4},"end":{"line":6,"column":5}},"type":"if","locations":[{"start":{"line":4,"column":4},"end":{"line":6,"column":5}}]},"1":{"loc":{"start":{"line":8,"column":22},"end":{"line":8,"column":109}},"type":"cond-expr","locations":[{"start":{"line":8,"column":44},"end":{"line":8,"column":45}},{"start":{"line":8,"column":48},"end":{"line":8,"column":109}}]},"2":{"loc":{"start":{"line":14,"column":2},"end":{"line":16,"column":3}},"type":"if","locations":[{"start":{"line":14,"column":2},"end":{"line":16,"column":3}}]}},"s":{"0":388,"1":11,"2":377,"3":377,"4":377,"5":11,"6":0,"7":11,"8":1,"9":6,"10":6,"11":6,"12":1,"13":1},"f":{"0":11,"1":388,"2":6},"b":{"0":[11],"1":[22,355],"2":[0]}}
}
