{"C:\\Users\\Muhammad Ali\\Desktop\\SQE Project Back-End\\code.ts": {"path":"C:\\Users\\Muhammad Ali\\Desktop\\SQE Project Back-End\\code.ts","statementMap":{"0":{"start":{"line":3,"column":19},"end":{"line":3,"column":65}},"1":{"start":{"line":4,"column":22},"end":{"line":4,"column":59}},"2":{"start":{"line":5,"column":2},"end":{"line":5,"column":34}},"3":{"start":{"line":2,"column":0},"end":{"line":2,"column":16}},"4":{"start":{"line":10,"column":2},"end":{"line":10,"column":59}},"5":{"start":{"line":9,"column":0},"end":{"line":9,"column":16}},"6":{"start":{"line":15,"column":2},"end":{"line":15,"column":68}},"7":{"start":{"line":15,"column":41},"end":{"line":15,"column":66}},"8":{"start":{"line":14,"column":0},"end":{"line":14,"column":16}},"9":{"start":{"line":20,"column":2},"end":{"line":20,"column":32}},"10":{"start":{"line":19,"column":0},"end":{"line":19,"column":16}},"11":{"start":{"line":25,"column":2},"end":{"line":25,"column":37}},"12":{"start":{"line":24,"column":0},"end":{"line":24,"column":16}},"13":{"start":{"line":30,"column":2},"end":{"line":30,"column":52}},"14":{"start":{"line":29,"column":0},"end":{"line":29,"column":16}},"15":{"start":{"line":35,"column":2},"end":{"line":35,"column":34}},"16":{"start":{"line":34,"column":0},"end":{"line":34,"column":16}},"17":{"start":{"line":40,"column":24},"end":{"line":40,"column":32}},"18":{"start":{"line":41,"column":2},"end":{"line":44,"column":3}},"19":{"start":{"line":41,"column":15},"end":{"line":41,"column":39}},"20":{"start":{"line":42,"column":14},"end":{"line":42,"column":49}},"21":{"start":{"line":43,"column":4},"end":{"line":43,"column":80}},"22":{"start":{"line":45,"column":2},"end":{"line":45,"column":23}},"23":{"start":{"line":39,"column":0},"end":{"line":39,"column":16}}},"fnMap":{"0":{"name":"isPalindrome","decl":{"start":{"line":2,"column":16},"end":{"line":2,"column":28}},"loc":{"start":{"line":2,"column":40},"end":{"line":6,"column":1}}},"1":{"name":"getRandomNumber","decl":{"start":{"line":9,"column":16},"end":{"line":9,"column":31}},"loc":{"start":{"line":9,"column":56},"end":{"line":11,"column":1}}},"2":{"name":"generateRandomNumbers","decl":{"start":{"line":14,"column":16},"end":{"line":14,"column":37}},"loc":{"start":{"line":14,"column":73},"end":{"line":16,"column":1}}},"3":{"name":"(anonymous_3)","decl":{"start":{"line":15,"column":35},"end":{"line":15,"column":38}},"loc":{"start":{"line":15,"column":41},"end":{"line":15,"column":66}}},"4":{"name":"celsiusToFahrenheit","decl":{"start":{"line":19,"column":16},"end":{"line":19,"column":35}},"loc":{"start":{"line":19,"column":51},"end":{"line":21,"column":1}}},"5":{"name":"fahrenheitToCelsius","decl":{"start":{"line":24,"column":16},"end":{"line":24,"column":35}},"loc":{"start":{"line":24,"column":54},"end":{"line":26,"column":1}}},"6":{"name":"capitalizeFirstLetter","decl":{"start":{"line":29,"column":16},"end":{"line":29,"column":37}},"loc":{"start":{"line":29,"column":49},"end":{"line":31,"column":1}}},"7":{"name":"removeDuplicates","decl":{"start":{"line":34,"column":16},"end":{"line":34,"column":32}},"loc":{"start":{"line":34,"column":44},"end":{"line":36,"column":1}}},"8":{"name":"shuffleArray","decl":{"start":{"line":39,"column":16},"end":{"line":39,"column":28}},"loc":{"start":{"line":39,"column":40},"end":{"line":46,"column":1}}}},"branchMap":{},"s":{"0":1,"1":1,"2":1,"3":1,"4":23,"5":1,"6":1,"7":22,"8":1,"9":1,"10":1,"11":1,"12":1,"13":1,"14":1,"15":1,"16":1,"17":1,"18":0,"19":0,"20":0,"21":0,"22":0,"23":1},"f":{"0":1,"1":23,"2":1,"3":22,"4":1,"5":1,"6":1,"7":1,"8":1},"b":{}}
}
