TN:
SF:code.ts
FN:2,isPalindrome
FN:9,getRandomNumber
FN:14,generateRandomNumbers
FN:15,(anonymous_3)
FN:19,celsiusToFahrenheit
FN:24,fahrenheitToCelsius
FN:29,capitalizeFirstLetter
FN:34,removeDuplicates
FN:39,shuffleArray
FNF:9
FNH:9
FNDA:1,isPalindrome
FNDA:23,getRandomNumber
FNDA:1,generateRandomNumbers
FNDA:22,(anonymous_3)
FNDA:1,celsiusToFahrenheit
FNDA:1,fahrenheitToCelsius
FNDA:1,capitalizeFirstLetter
FNDA:1,removeDuplicates
FNDA:1,shuffleArray
DA:2,1
DA:3,1
DA:4,1
DA:5,1
DA:9,1
DA:10,23
DA:14,1
DA:15,22
DA:19,1
DA:20,1
DA:24,1
DA:25,1
DA:29,1
DA:30,1
DA:34,1
DA:35,1
DA:39,1
DA:40,1
DA:41,0
DA:42,0
DA:43,0
DA:45,0
LF:22
LH:18
BRF:0
BRH:0
end_of_record
