TN:
SF:code.ts
FN:2,isPrime
FN:15,generatePrimesInRange
FN:26,fibonacci
FN:35,calculateAverage
FN:39,(anonymous_4)
FNF:5
FNH:0
FNDA:0,isPrime
FNDA:0,generatePrimesInRange
FNDA:0,fibonacci
FNDA:0,calculateAverage
FNDA:0,(anonymous_4)
DA:3,0
DA:4,0
DA:6,0
DA:7,0
DA:8,0
DA:11,0
DA:16,0
DA:17,0
DA:18,0
DA:19,0
DA:22,0
DA:27,0
DA:28,0
DA:29,0
DA:31,0
DA:36,0
DA:37,0
DA:39,0
DA:40,0
DA:44,0
DA:45,0
DA:48,0
DA:49,0
DA:52,0
DA:53,0
DA:54,0
LF:26
LH:0
BRDA:3,0,0,0
BRDA:7,1,0,0
BRDA:18,2,0,0
BRDA:36,3,0,0
BRF:4
BRH:0
end_of_record
